# JRE version: 7.0_17-b02
# Java VM: Java HotSpot(TM) 64-Bit Server VM (23.7-b01 mixed mode linux-amd64 compressed oops)
Heap
 PSYoungGen      total 638656K, used 461397K [0x00000000d7d60000, 0x00000000ffec0000, 0x0000000100000000)
  eden space 630912K, 71% used [0x00000000d7d60000,0x00000000f38654b0,0x00000000fe580000)
  from space 7744K, 100% used [0x00000000fe580000,0x00000000fed10000,0x00000000fed10000)
  to   space 12928K, 0% used [0x00000000ff220000,0x00000000ff220000,0x00000000ffec0000)
 ParOldGen       total 82304K, used 26530K [0x0000000087800000, 0x000000008c860000, 0x00000000d7d60000)
  object space 82304K, 32% used [0x0000000087800000,0x00000000891e88d8,0x000000008c860000)
 PSPermGen       total 35648K, used 35566K [0x0000000082600000, 0x00000000848d0000, 0x0000000087800000)
  object space 35648K, 99% used [0x0000000082600000,0x00000000848bb910,0x00000000848d0000)
GC Heap History (10 events):
Event: 2.323 GC heap before
{Heap before GC invocations=7 (full 0):
 PSYoungGen      total 252864K, used 252832K [0x00000000d7d60000, 0x00000000e7dc0000, 0x0000000100000000)
  eden space 245888K, 100% used [0x00000000d7d60000,0x00000000e6d80000,0x00000000e6d80000)
  from space 6976K, 99% used [0x00000000e7530000,0x00000000e7bf8040,0x00000000e7c00000)
  to   space 7872K, 0% used [0x00000000e6d80000,0x00000000e6d80000,0x00000000e7530000)
 ParOldGen       total 82304K, used 2862K [0x0000000087800000, 0x000000008c860000, 0x00000000d7d60000)
  object space 82304K, 3% used [0x0000000087800000,0x0000000087acb9b8,0x000000008c860000)
 PSPermGen       total 21248K, used 15754K [0x0000000082600000, 0x0000000083ac0000, 0x0000000087800000)
  object space 21248K, 74% used [0x0000000082600000,0x0000000083562968,0x0000000083ac0000)
Event: 2.334 GC heap after
Heap after GC invocations=7 (full 0):
 PSYoungGen      total 253760K, used 7024K [0x00000000d7d60000, 0x00000000f6dc0000, 0x0000000100000000)
  eden space 245888K, 0% used [0x00000000d7d60000,0x00000000d7d60000,0x00000000e6d80000)
  from space 7872K, 89% used [0x00000000e6d80000,0x00000000e745c030,0x00000000e7530000)
  to   space 8256K, 0% used [0x00000000f65b0000,0x00000000f65b0000,0x00000000f6dc0000)
 ParOldGen       total 82304K, used 5480K [0x0000000087800000, 0x000000008c860000, 0x00000000d7d60000)
  object space 82304K, 6% used [0x0000000087800000,0x0000000087d5a2a0,0x000000008c860000)
 PSPermGen       total 21248K, used 15754K [0x0000000082600000, 0x0000000083ac0000, 0x0000000087800000)
  object space 21248K, 74% used [0x0000000082600000,0x0000000083562968,0x0000000083ac0000)
}
Event: 132.925 GC heap before
{Heap before GC invocations=8 (full 0):
 PSYoungGen      total 253760K, used 252912K [0x00000000d7d60000, 0x00000000f6dc0000, 0x0000000100000000)
  eden space 245888K, 100% used [0x00000000d7d60000,0x00000000e6d80000,0x00000000e6d80000)
  from space 7872K, 89% used [0x00000000e6d80000,0x00000000e745c030,0x00000000e7530000)
  to   space 8256K, 0% used [0x00000000f65b0000,0x00000000f65b0000,0x00000000f6dc0000)
 ParOldGen       total 82304K, used 5480K [0x0000000087800000, 0x000000008c860000, 0x00000000d7d60000)
  object space 82304K, 6% used [0x0000000087800000,0x0000000087d5a2a0,0x000000008c860000)
 PSPermGen       total 21248K, used 18503K [0x0000000082600000, 0x0000000083ac0000, 0x0000000087800000)
  object space 21248K, 87% used [0x0000000082600000,0x0000000083811fc0,0x0000000083ac0000)
Event: 132.936 GC heap after
Heap after GC invocations=8 (full 0):
 PSYoungGen      total 498304K, used 8224K [0x00000000d7d60000, 0x00000000f7120000, 0x0000000100000000)
  eden space 490048K, 0% used [0x00000000d7d60000,0x00000000d7d60000,0x00000000f5bf0000)
  from space 8256K, 99% used [0x00000000f65b0000,0x00000000f6db8020,0x00000000f6dc0000)
  to   space 9984K, 0% used [0x00000000f5bf0000,0x00000000f5bf0000,0x00000000f65b0000)
 ParOldGen       total 82304K, used 7589K [0x0000000087800000, 0x000000008c860000, 0x00000000d7d60000)
  object space 82304K, 9% used [0x0000000087800000,0x0000000087f69458,0x000000008c860000)
 PSPermGen       total 21248K, used 18503K [0x0000000082600000, 0x0000000083ac0000, 0x0000000087800000)
  object space 21248K, 87% used [0x0000000082600000,0x0000000083811fc0,0x0000000083ac0000)
}
Event: 136.567 GC heap before
{Heap before GC invocations=9 (full 0):
 PSYoungGen      total 498304K, used 498272K [0x00000000d7d60000, 0x00000000f7120000, 0x0000000100000000)
  eden space 490048K, 100% used [0x00000000d7d60000,0x00000000f5bf0000,0x00000000f5bf0000)
  from space 8256K, 99% used [0x00000000f65b0000,0x00000000f6db8020,0x00000000f6dc0000)
  to   space 9984K, 0% used [0x00000000f5bf0000,0x00000000f5bf0000,0x00000000f65b0000)
 ParOldGen       total 82304K, used 7589K [0x0000000087800000, 0x000000008c860000, 0x00000000d7d60000)
  object space 82304K, 9% used [0x0000000087800000,0x0000000087f69458,0x000000008c860000)
 PSPermGen       total 27392K, used 27240K [0x0000000082600000, 0x00000000840c0000, 0x0000000087800000)
  object space 27392K, 99% used [0x0000000082600000,0x000000008409a1e8,0x00000000840c0000)
Event: 136.583 GC heap after
Heap after GC invocations=9 (full 0):
 PSYoungGen      total 500032K, used 9969K [0x00000000d7d60000, 0x0000000100000000, 0x0000000100000000)
  eden space 490048K, 0% used [0x00000000d7d60000,0x00000000d7d60000,0x00000000f5bf0000)
  from space 9984K, 99% used [0x00000000f5bf0000,0x00000000f65ac7d0,0x00000000f65b0000)
  to   space 13696K, 0% used [0x00000000ff2a0000,0x00000000ff2a0000,0x0000000100000000)
 ParOldGen       total 82304K, used 14145K [0x0000000087800000, 0x000000008c860000, 0x00000000d7d60000)
  object space 82304K, 17% used [0x0000000087800000,0x00000000885d05f0,0x000000008c860000)
 PSPermGen       total 27392K, used 27240K [0x0000000082600000, 0x00000000840c0000, 0x0000000087800000)
  object space 27392K, 99% used [0x0000000082600000,0x000000008409a1e8,0x00000000840c0000)
}
Event: 137.142 GC heap before
{Heap before GC invocations=10 (full 0):
 PSYoungGen      total 500032K, used 500017K [0x00000000d7d60000, 0x0000000100000000, 0x0000000100000000)
  eden space 490048K, 100% used [0x00000000d7d60000,0x00000000f5bf0000,0x00000000f5bf0000)
  from space 9984K, 99% used [0x00000000f5bf0000,0x00000000f65ac7d0,0x00000000f65b0000)
  to   space 13696K, 0% used [0x00000000ff2a0000,0x00000000ff2a0000,0x0000000100000000)
 ParOldGen       total 82304K, used 14145K [0x0000000087800000, 0x000000008c860000, 0x00000000d7d60000)
  object space 82304K, 17% used [0x0000000087800000,0x00000000885d05f0,0x000000008c860000)
 PSPermGen       total 27776K, used 27655K [0x0000000082600000, 0x0000000084120000, 0x0000000087800000)
  object space 27776K, 99% used [0x0000000082600000,0x0000000084101d58,0x0000000084120000)
Event: 137.159 GC heap after
Heap after GC invocations=10 (full 0):
 PSYoungGen      total 644608K, used 8494K [0x00000000d7d60000, 0x0000000100000000, 0x0000000100000000)
  eden space 630912K, 0% used [0x00000000d7d60000,0x00000000d7d60000,0x00000000fe580000)
  from space 13696K, 62% used [0x00000000ff2a0000,0x00000000ffaebaf0,0x0000000100000000)
  to   space 13440K, 0% used [0x00000000fe580000,0x00000000fe580000,0x00000000ff2a0000)
 ParOldGen       total 82304K, used 18593K [0x0000000087800000, 0x000000008c860000, 0x00000000d7d60000)
  object space 82304K, 22% used [0x0000000087800000,0x0000000088a28640,0x000000008c860000)
 PSPermGen       total 27776K, used 27655K [0x0000000082600000, 0x0000000084120000, 0x0000000087800000)
  object space 27776K, 99% used [0x0000000082600000,0x0000000084101d58,0x0000000084120000)
}
Event: 139.093 GC heap before
{Heap before GC invocations=11 (full 0):
 PSYoungGen      total 644608K, used 639406K [0x00000000d7d60000, 0x0000000100000000, 0x0000000100000000)
  eden space 630912K, 100% used [0x00000000d7d60000,0x00000000fe580000,0x00000000fe580000)
  from space 13696K, 62% used [0x00000000ff2a0000,0x00000000ffaebaf0,0x0000000100000000)
  to   space 13440K, 0% used [0x00000000fe580000,0x00000000fe580000,0x00000000ff2a0000)
 ParOldGen       total 82304K, used 18593K [0x0000000087800000, 0x000000008c860000, 0x00000000d7d60000)
  object space 82304K, 22% used [0x0000000087800000,0x0000000088a28640,0x000000008c860000)
 PSPermGen       total 31232K, used 31107K [0x0000000082600000, 0x0000000084480000, 0x0000000087800000)
  object space 31232K, 99% used [0x0000000082600000,0x0000000084460d88,0x0000000084480000)
Event: 139.113 GC heap after
Heap after GC invocations=11 (full 0):
 PSYoungGen      total 638656K, used 7744K [0x00000000d7d60000, 0x00000000ffec0000, 0x0000000100000000)
  eden space 630912K, 0% used [0x00000000d7d60000,0x00000000d7d60000,0x00000000fe580000)
  from space 7744K, 100% used [0x00000000fe580000,0x00000000fed10000,0x00000000fed10000)
  to   space 12928K, 0% used [0x00000000ff220000,0x00000000ff220000,0x00000000ffec0000)
 ParOldGen       total 82304K, used 26530K [0x0000000087800000, 0x000000008c860000, 0x00000000d7d60000)
  object space 82304K, 32% used [0x0000000087800000,0x00000000891e88d8,0x000000008c860000)
 PSPermGen       total 31232K, used 31107K [0x0000000082600000, 0x0000000084480000, 0x0000000087800000)
  object space 31232K, 99% used [0x0000000082600000,0x0000000084460d88,0x0000000084480000)
}

