# JRE version: 7.0_17-b02
# Java VM: Java HotSpot(TM) 64-Bit Server VM (23.7-b01 mixed mode linux-amd64 compressed oops)
Heap
 PSYoungGen      total 427520K, used 174139K [0x00000000d7d60000, 0x00000000fbae0000, 0x0000000100000000)
  eden space 427200K, 40% used [0x00000000d7d60000,0x00000000e271ec78,0x00000000f1e90000)
  from space 320K, 100% used [0x00000000fba90000,0x00000000fbae0000,0x00000000fbae0000)
  to   space 12992K, 0% used [0x00000000fa180000,0x00000000fa180000,0x00000000fae30000)
 ParOldGen       total 82304K, used 47474K [0x0000000087800000, 0x000000008c860000, 0x00000000d7d60000)
  object space 82304K, 57% used [0x0000000087800000,0x000000008a65cb80,0x000000008c860000)
 PSPermGen       total 42944K, used 42891K [0x0000000082600000, 0x0000000084ff0000, 0x0000000087800000)
  object space 42944K, 99% used [0x0000000082600000,0x0000000084fe2ef0,0x0000000084ff0000)
GC Heap History (10 events):
Event: 275.714 GC heap before
{Heap before GC invocations=18 (full 0):
 PSYoungGen      total 543808K, used 543792K [0x00000000d7d60000, 0x00000000fe420000, 0x0000000100000000)
  eden space 543360K, 100% used [0x00000000d7d60000,0x00000000f9000000,0x00000000f9000000)
  from space 448K, 96% used [0x00000000fc770000,0x00000000fc7dc010,0x00000000fc7e0000)
  to   space 14848K, 0% used [0x00000000fd5a0000,0x00000000fd5a0000,0x00000000fe420000)
 ParOldGen       total 82304K, used 45754K [0x0000000087800000, 0x000000008c860000, 0x00000000d7d60000)
  object space 82304K, 55% used [0x0000000087800000,0x000000008a4aeb60,0x000000008c860000)
 PSPermGen       total 40448K, used 40305K [0x0000000082600000, 0x0000000084d80000, 0x0000000087800000)
  object space 40448K, 99% used [0x0000000082600000,0x0000000084d5c470,0x0000000084d80000)
Event: 275.719 GC heap after
Heap after GC invocations=18 (full 0):
 PSYoungGen      total 518144K, used 448K [0x00000000d7d60000, 0x00000000fd610000, 0x0000000100000000)
  eden space 517696K, 0% used [0x00000000d7d60000,0x00000000d7d60000,0x00000000f76f0000)
  from space 448K, 100% used [0x00000000fd5a0000,0x00000000fd610000,0x00000000fd610000)
  to   space 14656K, 0% used [0x00000000fb970000,0x00000000fb970000,0x00000000fc7c0000)
 ParOldGen       total 82304K, used 46138K [0x0000000087800000, 0x000000008c860000, 0x00000000d7d60000)
  object space 82304K, 56% used [0x0000000087800000,0x000000008a50eb60,0x000000008c860000)
 PSPermGen       total 40448K, used 40305K [0x0000000082600000, 0x0000000084d80000, 0x0000000087800000)
  object space 40448K, 99% used [0x0000000082600000,0x0000000084d5c470,0x0000000084d80000)
}
Event: 298.107 GC heap before
{Heap before GC invocations=19 (full 0):
 PSYoungGen      total 518144K, used 518144K [0x00000000d7d60000, 0x00000000fd610000, 0x0000000100000000)
  eden space 517696K, 100% used [0x00000000d7d60000,0x00000000f76f0000,0x00000000f76f0000)
  from space 448K, 100% used [0x00000000fd5a0000,0x00000000fd610000,0x00000000fd610000)
  to   space 14656K, 0% used [0x00000000fb970000,0x00000000fb970000,0x00000000fc7c0000)
 ParOldGen       total 82304K, used 46138K [0x0000000087800000, 0x000000008c860000, 0x00000000d7d60000)
  object space 82304K, 56% used [0x0000000087800000,0x000000008a50eb60,0x000000008c860000)
 PSPermGen       total 41024K, used 40953K [0x0000000082600000, 0x0000000084e10000, 0x0000000087800000)
  object space 41024K, 99% used [0x0000000082600000,0x0000000084dfe7e8,0x0000000084e10000)
Event: 298.113 GC heap after
Heap after GC invocations=19 (full 0):
 PSYoungGen      total 493760K, used 432K [0x00000000d7d60000, 0x00000000fd5b0000, 0x0000000100000000)
  eden space 493312K, 0% used [0x00000000d7d60000,0x00000000d7d60000,0x00000000f5f20000)
  from space 448K, 96% used [0x00000000fb970000,0x00000000fb9dc010,0x00000000fb9e0000)
  to   space 14336K, 0% used [0x00000000fc7b0000,0x00000000fc7b0000,0x00000000fd5b0000)
 ParOldGen       total 82304K, used 46514K [0x0000000087800000, 0x000000008c860000, 0x00000000d7d60000)
  object space 82304K, 56% used [0x0000000087800000,0x000000008a56cb60,0x000000008c860000)
 PSPermGen       total 41024K, used 40953K [0x0000000082600000, 0x0000000084e10000, 0x0000000087800000)
  object space 41024K, 99% used [0x0000000082600000,0x0000000084dfe7e8,0x0000000084e10000)
}
Event: 408.297 GC heap before
{Heap before GC invocations=20 (full 0):
 PSYoungGen      total 493760K, used 493744K [0x00000000d7d60000, 0x00000000fd5b0000, 0x0000000100000000)
  eden space 493312K, 100% used [0x00000000d7d60000,0x00000000f5f20000,0x00000000f5f20000)
  from space 448K, 96% used [0x00000000fb970000,0x00000000fb9dc010,0x00000000fb9e0000)
  to   space 14336K, 0% used [0x00000000fc7b0000,0x00000000fc7b0000,0x00000000fd5b0000)
 ParOldGen       total 82304K, used 46514K [0x0000000087800000, 0x000000008c860000, 0x00000000d7d60000)
  object space 82304K, 56% used [0x0000000087800000,0x000000008a56cb60,0x000000008c860000)
 PSPermGen       total 41600K, used 41564K [0x0000000082600000, 0x0000000084ea0000, 0x0000000087800000)
  object space 41600K, 99% used [0x0000000082600000,0x0000000084e97148,0x0000000084ea0000)
Event: 408.302 GC heap after
Heap after GC invocations=20 (full 0):
 PSYoungGen      total 470592K, used 432K [0x00000000d7d60000, 0x00000000fc820000, 0x0000000100000000)
  eden space 470144K, 0% used [0x00000000d7d60000,0x00000000d7d60000,0x00000000f4880000)
  from space 448K, 96% used [0x00000000fc7b0000,0x00000000fc81c010,0x00000000fc820000)
  to   space 13952K, 0% used [0x00000000face0000,0x00000000face0000,0x00000000fba80000)
 ParOldGen       total 82304K, used 46874K [0x0000000087800000, 0x000000008c860000, 0x00000000d7d60000)
  object space 82304K, 56% used [0x0000000087800000,0x000000008a5c6b60,0x000000008c860000)
 PSPermGen       total 41600K, used 41564K [0x0000000082600000, 0x0000000084ea0000, 0x0000000087800000)
  object space 41600K, 99% used [0x0000000082600000,0x0000000084e97148,0x0000000084ea0000)
}
Event: 475.076 GC heap before
{Heap before GC invocations=21 (full 0):
 PSYoungGen      total 470592K, used 470576K [0x00000000d7d60000, 0x00000000fc820000, 0x0000000100000000)
  eden space 470144K, 100% used [0x00000000d7d60000,0x00000000f4880000,0x00000000f4880000)
  from space 448K, 96% used [0x00000000fc7b0000,0x00000000fc81c010,0x00000000fc820000)
  to   space 13952K, 0% used [0x00000000face0000,0x00000000face0000,0x00000000fba80000)
 ParOldGen       total 82304K, used 46874K [0x0000000087800000, 0x000000008c860000, 0x00000000d7d60000)
  object space 82304K, 56% used [0x0000000087800000,0x000000008a5c6b60,0x000000008c860000)
 PSPermGen       total 42176K, used 42147K [0x0000000082600000, 0x0000000084f30000, 0x0000000087800000)
  object space 42176K, 99% used [0x0000000082600000,0x0000000084f28ff8,0x0000000084f30000)
Event: 475.081 GC heap after
Heap after GC invocations=21 (full 0):
 PSYoungGen      total 462080K, used 352K [0x00000000d7d60000, 0x00000000fc7c0000, 0x0000000100000000)
  eden space 448128K, 0% used [0x00000000d7d60000,0x00000000d7d60000,0x00000000f3300000)
  from space 13952K, 2% used [0x00000000face0000,0x00000000fad38000,0x00000000fba80000)
  to   space 13504K, 0% used [0x00000000fba90000,0x00000000fba90000,0x00000000fc7c0000)
 ParOldGen       total 82304K, used 47198K [0x0000000087800000, 0x000000008c860000, 0x00000000d7d60000)
  object space 82304K, 57% used [0x0000000087800000,0x000000008a617b70,0x000000008c860000)
 PSPermGen       total 42176K, used 42147K [0x0000000082600000, 0x0000000084f30000, 0x0000000087800000)
  object space 42176K, 99% used [0x0000000082600000,0x0000000084f28ff8,0x0000000084f30000)
}
Event: 696.525 GC heap before
{Heap before GC invocations=22 (full 0):
 PSYoungGen      total 462080K, used 448480K [0x00000000d7d60000, 0x00000000fc7c0000, 0x0000000100000000)
  eden space 448128K, 100% used [0x00000000d7d60000,0x00000000f3300000,0x00000000f3300000)
  from space 13952K, 2% used [0x00000000face0000,0x00000000fad38000,0x00000000fba80000)
  to   space 13504K, 0% used [0x00000000fba90000,0x00000000fba90000,0x00000000fc7c0000)
 ParOldGen       total 82304K, used 47198K [0x0000000087800000, 0x000000008c860000, 0x00000000d7d60000)
  object space 82304K, 57% used [0x0000000087800000,0x000000008a617b70,0x000000008c860000)
 PSPermGen       total 42752K, used 42709K [0x0000000082600000, 0x0000000084fc0000, 0x0000000087800000)
  object space 42752K, 99% used [0x0000000082600000,0x0000000084fb56d0,0x0000000084fc0000)
Event: 696.532 GC heap after
Heap after GC invocations=22 (full 0):
 PSYoungGen      total 427520K, used 320K [0x00000000d7d60000, 0x00000000fbae0000, 0x0000000100000000)
  eden space 427200K, 0% used [0x00000000d7d60000,0x00000000d7d60000,0x00000000f1e90000)
  from space 320K, 100% used [0x00000000fba90000,0x00000000fbae0000,0x00000000fbae0000)
  to   space 12992K, 0% used [0x00000000fa180000,0x00000000fa180000,0x00000000fae30000)
 ParOldGen       total 82304K, used 47474K [0x0000000087800000, 0x000000008c860000, 0x00000000d7d60000)
  object space 82304K, 57% used [0x0000000087800000,0x000000008a65cb80,0x000000008c860000)
 PSPermGen       total 42752K, used 42709K [0x0000000082600000, 0x0000000084fc0000, 0x0000000087800000)
  object space 42752K, 99% used [0x0000000082600000,0x0000000084fb56d0,0x0000000084fc0000)
}

